[     442ms] [ERROR] 加载 AppConfig 配置出错 @ https://res.wx.qq.com/d/tdocsJSAPI/latest/index.js:12
[     458ms] [LOG] tdocJSAPI 1.143.0 @ https://res.wx.qq.com/d/tdocsJSAPI/latest/index.js:36
[     532ms] [INFO] Connecting to 'https://rumt-zh.com/collect/pv?originFrom=https%3A%2F%2Fdoc.weixin.qq.com%2Fsmartsheet%2Fform%2F1_wpKBGPEQAANFlM_CL0S9dtU8fxLqQLuA_b0c4e8&id=bAUrIUljxTDCkitNtT&uin=&version=1.43.51&aid=e57d4b5a-b305-484d-896b-b847c9f726c1&env=production&platform=4&netType=3&vp=1280%20*%20720&sr=1280%20*%20720&sessionId=session-1ba24433b95a4dafa577525118f1916f&from=https%3A%2F%2Fdoc.weixin.qq.com%2Fsmartsheet%2Fform%2F1_wpKBGPEQAANFlM_CL0S9dtU8fxLqQLuA_b0c4e8&referer=' violates the following Content Security Policy directive: "connect-src 'self' blob: https://doc.weixin.qq.com cube.weixinbridge.com badjs.weixinbridge.com *.url.cn *.qq.com *.gtimg.com *.idqqimg.com *.gtimg.cn cdn-go.cn *.cdn-go.cn *.tencentcs.com *.myqcloud.com *.tencent-cloud.com *.tencentsuite.com *.tencent.com *.qqmail.com *.woa.com *.picgzc.qpic.cn wdcdn.qpic.cn wework.qpic.cn mapstyle.qpic.cn wss://dts.docs.qq.com wss://docs.qq.com wss://doc.weixin.qq.com wss://drive.weixin.qq.com magiccube.rtxapp.com". The policy is report-only, so the violation has been logged but no further action has been taken. @ https://res.wx.qq.com/d/aegis/latest/aegis.min.js:9
[     546ms] [ERROR] Connecting to 'https://rumt-zh.com/collect/pv?originFrom=https%3A%2F%2Fdoc.weixin.qq.com%2Fsmartsheet%2Fform%2F1_wpKBGPEQAANFlM_CL0S9dtU8fxLqQLuA_b0c4e8&id=bAUrIUljxTDCkitNtT&uin=&version=1.43.51&aid=e57d4b5a-b305-484d-896b-b847c9f726c1&env=production&platform=4&netType=3&vp=1280%20*%20720&sr=1280%20*%20720&sessionId=session-1ba24433b95a4dafa577525118f1916f&from=https%3A%2F%2Fdoc.weixin.qq.com%2Fsmartsheet%2Fform%2F1_wpKBGPEQAANFlM_CL0S9dtU8fxLqQLuA_b0c4e8&referer=' violates the following Content Security Policy directive: "connect-src 'self' blob: wss: *.url.cn *.qq.com *.gtimg.com *.idqqimg.com *.gtimg.cn cdn-go.cn *.cdn-go.cn *.tencentcs.com *.myqcloud.com *.tencent-cloud.com *.tencentsuite.com *.tencent.com *.qqmail.com *.woa.com *.qpic.cn static.speech.sogou.com cube.weixinbridge.com magiccube.rtxapp.com". The action has been blocked. @ https://res.wx.qq.com/d/aegis/latest/aegis.min.js:9
[     548ms] [WARNING] document.domain mutation is ignored because the surrounding agent cluster is origin-keyed. @ https://doc.weixin.qq.com/smartsheet/form/1_wpKBGPEQAANFlM_CL0S9dtU8fxLqQLuA_b0c4e8:0
[     614ms] [LOG] setup onErrorChecker plugin @ https://res.wx.qq.com/d/blankpage/js/vendor_tbase-567673a8-1b4758.js:0
[     614ms] [LOG] setup docCgiErrorChecker plugin @ https://res.wx.qq.com/d/blankpage/js/vendor_tbase-567673a8-1b4758.js:0
[     614ms] [LOG] setup basicPerformanceReport plugin @ https://res.wx.qq.com/d/blankpage/js/vendor_tbase-567673a8-1b4758.js:0
[     622ms] [LOG] xxx getResourceUrl [en-US, en, zh-CN] en-US @ https://res.wx.qq.com/d/blankpage/js/common_base-1bc399.js:0
[     735ms] [LOG] load lng resources blankpage en-US @ https://res.wx.qq.com/d/blankpage/locales/en-US/blankpage.b7194e79001e690edcca.js:0
[     768ms] [INFO] Connecting to 'https://rumt-zh.com/collect/whitelist?id=bAUrIUljxTDCkitNtT&uin=&version=1.43.51&aid=e57d4b5a-b305-484d-896b-b847c9f726c1&env=production&platform=4&netType=3&vp=1280%20*%20720&sr=1280%20*%20720&sessionId=session-1ba24433b95a4dafa577525118f1916f&from=https%3A%2F%2Fdoc.weixin.qq.com%2Fsmartsheet%2Fform%2F1_wpKBGPEQAANFlM_CL0S9dtU8fxLqQLuA_b0c4e8&referer=' violates the following Content Security Policy directive: "connect-src 'self' blob: https://doc.weixin.qq.com cube.weixinbridge.com badjs.weixinbridge.com *.url.cn *.qq.com *.gtimg.com *.idqqimg.com *.gtimg.cn cdn-go.cn *.cdn-go.cn *.tencentcs.com *.myqcloud.com *.tencent-cloud.com *.tencentsuite.com *.tencent.com *.qqmail.com *.woa.com *.picgzc.qpic.cn wdcdn.qpic.cn wework.qpic.cn mapstyle.qpic.cn wss://dts.docs.qq.com wss://docs.qq.com wss://doc.weixin.qq.com wss://drive.weixin.qq.com magiccube.rtxapp.com". The policy is report-only, so the violation has been logged but no further action has been taken. @ https://res.wx.qq.com/d/aegis/latest/aegis.min.js:9
[     769ms] [ERROR] Connecting to 'https://rumt-zh.com/collect/whitelist?id=bAUrIUljxTDCkitNtT&uin=&version=1.43.51&aid=e57d4b5a-b305-484d-896b-b847c9f726c1&env=production&platform=4&netType=3&vp=1280%20*%20720&sr=1280%20*%20720&sessionId=session-1ba24433b95a4dafa577525118f1916f&from=https%3A%2F%2Fdoc.weixin.qq.com%2Fsmartsheet%2Fform%2F1_wpKBGPEQAANFlM_CL0S9dtU8fxLqQLuA_b0c4e8&referer=' violates the following Content Security Policy directive: "connect-src 'self' blob: wss: *.url.cn *.qq.com *.gtimg.com *.idqqimg.com *.gtimg.cn cdn-go.cn *.cdn-go.cn *.tencentcs.com *.myqcloud.com *.tencent-cloud.com *.tencentsuite.com *.tencent.com *.qqmail.com *.woa.com *.qpic.cn static.speech.sogou.com cube.weixinbridge.com magiccube.rtxapp.com". The action has been blocked. @ https://res.wx.qq.com/d/aegis/latest/aegis.min.js:9
[     770ms] [INFO] %c当前commit：release/ent_20260513_blankpage(9d9c0b08c)
 color: blue; @ https://res.wx.qq.com/d/blankpage/chunk/989-c68406.js:0
[     918ms] [LOG] [2026-07-02T10:13:31.073] [DEBUG] [DDBase] - params erroro: jsonObj2Class @ https://res.wx.qq.com/d/blankpage/chunk/989-c68406.js:0
[     924ms] [WARNING] 初始化拦截器-2.0 @ https://res.wx.qq.com/d/blankpage/chunk/989-c68406.js:0
[     927ms] [INFO] ----- re add user index @ https://res.wx.qq.com/d/blankpage/chunk/989-c68406.js:0
[     980ms] [ERROR] r: (Extension Error) Cannot find docs-component-app-promotion-top-banner extension in metadata!
    at e.value (https://res.wx.qq.com/d/blankpage/chunk/453-7bb7c7.js:6:1000654)
    at https://res.wx.qq.com/d/blankpage/chunk/453-7bb7c7.js:6:999964
    at Array.forEach (<anonymous>)
    at e.value (https://res.wx.qq.com/d/blankpage/chunk/453-7bb7c7.js:6:999906)
    at e.<anonymous> (https://res.wx.qq.com/d/blankpage/chunk/453-7bb7c7.js:6:997622)
    at d (https://res.wx.qq.com/d/blankpage/js/vendor_base-cdd60c62-d2291c.js:5:53595)
    at u.value (https://res.wx.qq.com/d/blankpage/js/vendor_base-cdd60c62-d2291c.js:5:53373)
    at Generator.next (https://res.wx.qq.com/d/blankpage/js/vendor_base-cdd60c62-d2291c.js:5:54001)
    at c (https://res.wx.qq.com/d/blankpage/js/vendor_base-059be3de-a9b860.js:1:74177) @ https://res.wx.qq.com/d/blankpage/chunk/989-c68406.js:0
[     982ms] [ERROR] r: (Extension Error) Cannot find docs-component-record extension in metadata!
    at e.value (https://res.wx.qq.com/d/blankpage/chunk/453-7bb7c7.js:6:1000654)
    at https://res.wx.qq.com/d/blankpage/chunk/453-7bb7c7.js:6:999964
    at Array.forEach (<anonymous>)
    at e.value (https://res.wx.qq.com/d/blankpage/chunk/453-7bb7c7.js:6:999906)
    at e.<anonymous> (https://res.wx.qq.com/d/blankpage/chunk/453-7bb7c7.js:6:997622)
    at d (https://res.wx.qq.com/d/blankpage/js/vendor_base-cdd60c62-d2291c.js:5:53595)
    at u.value (https://res.wx.qq.com/d/blankpage/js/vendor_base-cdd60c62-d2291c.js:5:53373)
    at Generator.next (https://res.wx.qq.com/d/blankpage/js/vendor_base-cdd60c62-d2291c.js:5:54001)
    at c (https://res.wx.qq.com/d/blankpage/js/vendor_base-059be3de-a9b860.js:1:74177) @ https://res.wx.qq.com/d/blankpage/chunk/989-c68406.js:0
[     982ms] [ERROR] r: (Extension Error) Cannot find docs-component-storage-overflow-alert extension in metadata!
    at e.value (https://res.wx.qq.com/d/blankpage/chunk/453-7bb7c7.js:6:1000654)
    at https://res.wx.qq.com/d/blankpage/chunk/453-7bb7c7.js:6:999964
    at Array.forEach (<anonymous>)
    at e.value (https://res.wx.qq.com/d/blankpage/chunk/453-7bb7c7.js:6:999906)
    at e.<anonymous> (https://res.wx.qq.com/d/blankpage/chunk/453-7bb7c7.js:6:997622)
    at d (https://res.wx.qq.com/d/blankpage/js/vendor_base-cdd60c62-d2291c.js:5:53595)
    at u.value (https://res.wx.qq.com/d/blankpage/js/vendor_base-cdd60c62-d2291c.js:5:53373)
    at Generator.next (https://res.wx.qq.com/d/blankpage/js/vendor_base-cdd60c62-d2291c.js:5:54001)
    at c (https://res.wx.qq.com/d/blankpage/js/vendor_base-059be3de-a9b860.js:1:74177) @ https://res.wx.qq.com/d/blankpage/chunk/989-c68406.js:0
[    1453ms] [ERROR] Failed to load resource: net::ERR_SSL_PROTOCOL_ERROR @ https://service-4y7r0fta-1251316161.gz.apigw.tencentcs.com/release/toggleProxy-1613409159:0
[    1470ms] Error: Network Error
    at t.exports (https://res.wx.qq.com/d/feature-components/tencent_docs_multi_tools-3fd512.js:1:41499)
    at m.onerror (https://res.wx.qq.com/d/feature-components/tencent_docs_multi_tools-3fd512.js:1:40306)
    at XMLHttpRequest.a (https://res.wx.qq.com/d/blankpage/chunk/989-c68406.js:1:9410)
[    1455ms] [INFO] Connecting to 'https://rumt-zh.com/collect?from=https%3A%2F%2Fdoc.weixin.qq.com%2Fsmartsheet%2Fform%2F1_wpKBGPEQAANFlM_CL0S9dtU8fxLqQLuA_b0c4e8&id=bAUrIUljxTDCkitNtT&uin=&version=1.43.51&aid=e57d4b5a-b305-484d-896b-b847c9f726c1&env=production&platform=4&netType=3&vp=1280%20*%20720&sr=1280%20*%20720&sessionId=session-1ba24433b95a4dafa577525118f1916f&referer=' violates the following Content Security Policy directive: "connect-src 'self' blob: https://doc.weixin.qq.com cube.weixinbridge.com badjs.weixinbridge.com *.url.cn *.qq.com *.gtimg.com *.idqqimg.com *.gtimg.cn cdn-go.cn *.cdn-go.cn *.tencentcs.com *.myqcloud.com *.tencent-cloud.com *.tencentsuite.com *.tencent.com *.qqmail.com *.woa.com *.picgzc.qpic.cn wdcdn.qpic.cn wework.qpic.cn mapstyle.qpic.cn wss://dts.docs.qq.com wss://docs.qq.com wss://doc.weixin.qq.com wss://drive.weixin.qq.com magiccube.rtxapp.com". The policy is report-only, so the violation has been logged but no further action has been taken. @ https://res.wx.qq.com/d/aegis/latest/aegis.min.js:9
[    1456ms] [ERROR] Connecting to 'https://rumt-zh.com/collect?from=https%3A%2F%2Fdoc.weixin.qq.com%2Fsmartsheet%2Fform%2F1_wpKBGPEQAANFlM_CL0S9dtU8fxLqQLuA_b0c4e8&id=bAUrIUljxTDCkitNtT&uin=&version=1.43.51&aid=e57d4b5a-b305-484d-896b-b847c9f726c1&env=production&platform=4&netType=3&vp=1280%20*%20720&sr=1280%20*%20720&sessionId=session-1ba24433b95a4dafa577525118f1916f&referer=' violates the following Content Security Policy directive: "connect-src 'self' blob: wss: *.url.cn *.qq.com *.gtimg.com *.idqqimg.com *.gtimg.cn cdn-go.cn *.cdn-go.cn *.tencentcs.com *.myqcloud.com *.tencent-cloud.com *.tencentsuite.com *.tencent.com *.qqmail.com *.woa.com *.qpic.cn static.speech.sogou.com cube.weixinbridge.com magiccube.rtxapp.com". The action has been blocked. @ https://res.wx.qq.com/d/aegis/latest/aegis.min.js:9
[    1488ms] [ERROR] 加载 AppConfig 配置出错 @ https://res.wx.qq.com/d/tdocsJSAPI/latest/index.js:12
[    1490ms] [LOG] tdocJSAPI 1.143.0 @ https://res.wx.qq.com/d/tdocsJSAPI/latest/index.js:36
[    2017ms] [INFO] Connecting to 'https://rumt-zh.com/collect/events?id=bAUrIUljxTDCkitNtT&uin=&version=1.43.51&aid=e57d4b5a-b305-484d-896b-b847c9f726c1&env=production&platform=4&netType=3&vp=1280%20*%20720&sr=1280%20*%20720&sessionId=session-1ba24433b95a4dafa577525118f1916f&from=https%3A%2F%2Fdoc.weixin.qq.com%2Fsmartsheet%2Fform%2F1_wpKBGPEQAANFlM_CL0S9dtU8fxLqQLuA_b0c4e8&referer=' violates the following Content Security Policy directive: "connect-src 'self' blob: https://doc.weixin.qq.com cube.weixinbridge.com badjs.weixinbridge.com *.url.cn *.qq.com *.gtimg.com *.idqqimg.com *.gtimg.cn cdn-go.cn *.cdn-go.cn *.tencentcs.com *.myqcloud.com *.tencent-cloud.com *.tencentsuite.com *.tencent.com *.qqmail.com *.woa.com *.picgzc.qpic.cn wdcdn.qpic.cn wework.qpic.cn mapstyle.qpic.cn wss://dts.docs.qq.com wss://docs.qq.com wss://doc.weixin.qq.com wss://drive.weixin.qq.com magiccube.rtxapp.com". The policy is report-only, so the violation has been logged but no further action has been taken. @ https://res.wx.qq.com/d/aegis/latest/aegis.min.js:9
[    2017ms] [ERROR] Connecting to 'https://rumt-zh.com/collect/events?id=bAUrIUljxTDCkitNtT&uin=&version=1.43.51&aid=e57d4b5a-b305-484d-896b-b847c9f726c1&env=production&platform=4&netType=3&vp=1280%20*%20720&sr=1280%20*%20720&sessionId=session-1ba24433b95a4dafa577525118f1916f&from=https%3A%2F%2Fdoc.weixin.qq.com%2Fsmartsheet%2Fform%2F1_wpKBGPEQAANFlM_CL0S9dtU8fxLqQLuA_b0c4e8&referer=' violates the following Content Security Policy directive: "connect-src 'self' blob: wss: *.url.cn *.qq.com *.gtimg.com *.idqqimg.com *.gtimg.cn cdn-go.cn *.cdn-go.cn *.tencentcs.com *.myqcloud.com *.tencent-cloud.com *.tencentsuite.com *.tencent.com *.qqmail.com *.woa.com *.qpic.cn static.speech.sogou.com cube.weixinbridge.com magiccube.rtxapp.com". The action has been blocked. @ https://res.wx.qq.com/d/aegis/latest/aegis.min.js:9
[    2054ms] [ERROR] Failed to load resource: net::ERR_CONNECTION_REFUSED @ http://127.0.0.1:50000/checkLoginState:0
[    2055ms] [ERROR] [wecom-desktop/request] http://127.0.0.1:50000/checkLoginState error TypeError: Failed to fetch
    at window.fetch.window.fetch (https://wwcdn.weixin.qq.com/node/wwlogin/wwlogin/mono/ww-partner-login/797.66bdb4462716694b2833.js:1:39424)
    at https://wwcdn.weixin.qq.com/node/wwlogin/wwlogin/mono/ww-partner-login/101.fada8db3f2a6c7eb917b.js:1:144075
    at https://wwcdn.weixin.qq.com/node/wwlogin/wwlogin/mono/ww-partner-login/101.fada8db3f2a6c7eb917b.js:1:143360
    at Object.next (https://wwcdn.weixin.qq.com/node/wwlogin/wwlogin/mono/ww-partner-login/101.fada8db3f2a6c7eb917b.js:1:143465)
    at d (https://wwcdn.weixin.qq.com/node/wwlogin/wwlogin/mono/ww-partner-login/101.fada8db3f2a6c7eb917b.js:1:142112)
    at a (https://wwcdn.weixin.qq.com/node/wwlogin/wwlogin/mono/ww-partner-login/101.fada8db3f2a6c7eb917b.js:1:144489)
    at https://wwcdn.weixin.qq.com/node/wwlogin/wwlogin/mono/ww-partner-login/101.fada8db3f2a6c7eb917b.js:1:144548
    at new Promise (<anonymous>)
    at w (https://wwcdn.weixin.qq.com/node/wwlogin/wwlogin/mono/ww-partner-login/101.fada8db3f2a6c7eb917b.js:1:144430)
    at w (https://wwcdn.weixin.qq.com/node/wwlogin/wwlogin/mono/ww-partner-login/101.fada8db3f2a6c7eb917b.js:1:144562) @ https://wwcdn.weixin.qq.com/node/wwlogin/wwlogin/mono/ww-partner-login/101.fada8db3f2a6c7eb917b.js:0
[    2056ms] [ERROR] Failed to load resource: net::ERR_CONNECTION_REFUSED @ http://127.0.0.1:50001/checkLoginState:0
[    2056ms] [ERROR] [wecom-desktop/request] http://127.0.0.1:50001/checkLoginState error TypeError: Failed to fetch
    at window.fetch.window.fetch (https://wwcdn.weixin.qq.com/node/wwlogin/wwlogin/mono/ww-partner-login/797.66bdb4462716694b2833.js:1:39424)
    at https://wwcdn.weixin.qq.com/node/wwlogin/wwlogin/mono/ww-partner-login/101.fada8db3f2a6c7eb917b.js:1:144075
    at https://wwcdn.weixin.qq.com/node/wwlogin/wwlogin/mono/ww-partner-login/101.fada8db3f2a6c7eb917b.js:1:143360
    at Object.next (https://wwcdn.weixin.qq.com/node/wwlogin/wwlogin/mono/ww-partner-login/101.fada8db3f2a6c7eb917b.js:1:143465)
    at d (https://wwcdn.weixin.qq.com/node/wwlogin/wwlogin/mono/ww-partner-login/101.fada8db3f2a6c7eb917b.js:1:142112)
    at a (https://wwcdn.weixin.qq.com/node/wwlogin/wwlogin/mono/ww-partner-login/101.fada8db3f2a6c7eb917b.js:1:144489)
    at https://wwcdn.weixin.qq.com/node/wwlogin/wwlogin/mono/ww-partner-login/101.fada8db3f2a6c7eb917b.js:1:144548
    at new Promise (<anonymous>)
    at w (https://wwcdn.weixin.qq.com/node/wwlogin/wwlogin/mono/ww-partner-login/101.fada8db3f2a6c7eb917b.js:1:144430)
    at https://wwcdn.weixin.qq.com/node/wwlogin/wwlogin/mono/ww-partner-login/101.fada8db3f2a6c7eb917b.js:1:142281 @ https://wwcdn.weixin.qq.com/node/wwlogin/wwlogin/mono/ww-partner-login/101.fada8db3f2a6c7eb917b.js:0
[    2057ms] [ERROR] Failed to load resource: net::ERR_CONNECTION_REFUSED @ http://127.0.0.1:50002/checkLoginState:0
[    2057ms] [ERROR] [wecom-desktop/request] http://127.0.0.1:50002/checkLoginState error TypeError: Failed to fetch
    at window.fetch.window.fetch (https://wwcdn.weixin.qq.com/node/wwlogin/wwlogin/mono/ww-partner-login/797.66bdb4462716694b2833.js:1:39424)
    at https://wwcdn.weixin.qq.com/node/wwlogin/wwlogin/mono/ww-partner-login/101.fada8db3f2a6c7eb917b.js:1:144075
    at https://wwcdn.weixin.qq.com/node/wwlogin/wwlogin/mono/ww-partner-login/101.fada8db3f2a6c7eb917b.js:1:143360
    at Object.next (https://wwcdn.weixin.qq.com/node/wwlogin/wwlogin/mono/ww-partner-login/101.fada8db3f2a6c7eb917b.js:1:143465)
    at d (https://wwcdn.weixin.qq.com/node/wwlogin/wwlogin/mono/ww-partner-login/101.fada8db3f2a6c7eb917b.js:1:142112)
    at a (https://wwcdn.weixin.qq.com/node/wwlogin/wwlogin/mono/ww-partner-login/101.fada8db3f2a6c7eb917b.js:1:144489)
    at https://wwcdn.weixin.qq.com/node/wwlogin/wwlogin/mono/ww-partner-login/101.fada8db3f2a6c7eb917b.js:1:144548
    at new Promise (<anonymous>)
    at w (https://wwcdn.weixin.qq.com/node/wwlogin/wwlogin/mono/ww-partner-login/101.fada8db3f2a6c7eb917b.js:1:144430)
    at https://wwcdn.weixin.qq.com/node/wwlogin/wwlogin/mono/ww-partner-login/101.fada8db3f2a6c7eb917b.js:1:142281 @ https://wwcdn.weixin.qq.com/node/wwlogin/wwlogin/mono/ww-partner-login/101.fada8db3f2a6c7eb917b.js:0
[    2058ms] [WARNING] [ww-partner-login:client-message] missing handler {type: init} @ https://wwcdn.weixin.qq.com/node/wwlogin/wwlogin/mono/ww-partner-login/101.fada8db3f2a6c7eb917b.js:0
[    2458ms] [INFO] Connecting to 'https://rumt-zh.com/speed?from=https%3A%2F%2Fdoc.weixin.qq.com%2Fsmartsheet%2Fform%2F1_wpKBGPEQAANFlM_CL0S9dtU8fxLqQLuA_b0c4e8&id=bAUrIUljxTDCkitNtT&uin=&version=1.43.51&aid=e57d4b5a-b305-484d-896b-b847c9f726c1&env=production&platform=4&netType=3&vp=1280%20*%20720&sr=1280%20*%20720&sessionId=session-1ba24433b95a4dafa577525118f1916f&referer=' violates the following Content Security Policy directive: "connect-src 'self' blob: https://doc.weixin.qq.com cube.weixinbridge.com badjs.weixinbridge.com *.url.cn *.qq.com *.gtimg.com *.idqqimg.com *.gtimg.cn cdn-go.cn *.cdn-go.cn *.tencentcs.com *.myqcloud.com *.tencent-cloud.com *.tencentsuite.com *.tencent.com *.qqmail.com *.woa.com *.picgzc.qpic.cn wdcdn.qpic.cn wework.qpic.cn mapstyle.qpic.cn wss://dts.docs.qq.com wss://docs.qq.com wss://doc.weixin.qq.com wss://drive.weixin.qq.com magiccube.rtxapp.com". The policy is report-only, so the violation has been logged but no further action has been taken. @ https://res.wx.qq.com/d/aegis/latest/aegis.min.js:9
[    2458ms] [ERROR] Connecting to 'https://rumt-zh.com/speed?from=https%3A%2F%2Fdoc.weixin.qq.com%2Fsmartsheet%2Fform%2F1_wpKBGPEQAANFlM_CL0S9dtU8fxLqQLuA_b0c4e8&id=bAUrIUljxTDCkitNtT&uin=&version=1.43.51&aid=e57d4b5a-b305-484d-896b-b847c9f726c1&env=production&platform=4&netType=3&vp=1280%20*%20720&sr=1280%20*%20720&sessionId=session-1ba24433b95a4dafa577525118f1916f&referer=' violates the following Content Security Policy directive: "connect-src 'self' blob: wss: *.url.cn *.qq.com *.gtimg.com *.idqqimg.com *.gtimg.cn cdn-go.cn *.cdn-go.cn *.tencentcs.com *.myqcloud.com *.tencent-cloud.com *.tencentsuite.com *.tencent.com *.qqmail.com *.woa.com *.qpic.cn static.speech.sogou.com cube.weixinbridge.com magiccube.rtxapp.com". The action has been blocked. @ https://res.wx.qq.com/d/aegis/latest/aegis.min.js:9
[    4011ms] [INFO] Connecting to 'https://rumt-zh.com/speed?from=https%3A%2F%2Fdoc.weixin.qq.com%2Fsmartsheet%2Fform%2F1_wpKBGPEQAANFlM_CL0S9dtU8fxLqQLuA_b0c4e8&id=bAUrIUljxTDCkitNtT&uin=&version=1.43.51&aid=e57d4b5a-b305-484d-896b-b847c9f726c1&env=production&platform=4&netType=3&vp=1280%20*%20720&sr=1280%20*%20720&sessionId=session-1ba24433b95a4dafa577525118f1916f&referer=' violates the following Content Security Policy directive: "connect-src 'self' blob: https://doc.weixin.qq.com cube.weixinbridge.com badjs.weixinbridge.com *.url.cn *.qq.com *.gtimg.com *.idqqimg.com *.gtimg.cn cdn-go.cn *.cdn-go.cn *.tencentcs.com *.myqcloud.com *.tencent-cloud.com *.tencentsuite.com *.tencent.com *.qqmail.com *.woa.com *.picgzc.qpic.cn wdcdn.qpic.cn wework.qpic.cn mapstyle.qpic.cn wss://dts.docs.qq.com wss://docs.qq.com wss://doc.weixin.qq.com wss://drive.weixin.qq.com magiccube.rtxapp.com". The policy is report-only, so the violation has been logged but no further action has been taken. @ https://res.wx.qq.com/d/aegis/latest/aegis.min.js:9
[    4011ms] [ERROR] Connecting to 'https://rumt-zh.com/speed?from=https%3A%2F%2Fdoc.weixin.qq.com%2Fsmartsheet%2Fform%2F1_wpKBGPEQAANFlM_CL0S9dtU8fxLqQLuA_b0c4e8&id=bAUrIUljxTDCkitNtT&uin=&version=1.43.51&aid=e57d4b5a-b305-484d-896b-b847c9f726c1&env=production&platform=4&netType=3&vp=1280%20*%20720&sr=1280%20*%20720&sessionId=session-1ba24433b95a4dafa577525118f1916f&referer=' violates the following Content Security Policy directive: "connect-src 'self' blob: wss: *.url.cn *.qq.com *.gtimg.com *.idqqimg.com *.gtimg.cn cdn-go.cn *.cdn-go.cn *.tencentcs.com *.myqcloud.com *.tencent-cloud.com *.tencentsuite.com *.tencent.com *.qqmail.com *.woa.com *.qpic.cn static.speech.sogou.com cube.weixinbridge.com magiccube.rtxapp.com". The action has been blocked. @ https://res.wx.qq.com/d/aegis/latest/aegis.min.js:9
[    6053ms] [ERROR] [wecom-desktop/request] https://localhost.work.weixin.qq.com:50011/checkLoginState error AbortError: signal is aborted without reason
    at o (https://wwcdn.weixin.qq.com/node/wwlogin/wwlogin/mono/ww-partner-login/101.fada8db3f2a6c7eb917b.js:1:143564) @ https://wwcdn.weixin.qq.com/node/wwlogin/wwlogin/mono/ww-partner-login/101.fada8db3f2a6c7eb917b.js:0
[    6053ms] [ERROR] [wecom-desktop/request] https://localhost.work.weixin.qq.com:50012/checkLoginState error AbortError: signal is aborted without reason
    at o (https://wwcdn.weixin.qq.com/node/wwlogin/wwlogin/mono/ww-partner-login/101.fada8db3f2a6c7eb917b.js:1:143564) @ https://wwcdn.weixin.qq.com/node/wwlogin/wwlogin/mono/ww-partner-login/101.fada8db3f2a6c7eb917b.js:0
[    6267ms] [INFO] Connecting to 'https://rumt-zh.com/speed?from=https%3A%2F%2Fdoc.weixin.qq.com%2Fsmartsheet%2Fform%2F1_wpKBGPEQAANFlM_CL0S9dtU8fxLqQLuA_b0c4e8&id=bAUrIUljxTDCkitNtT&uin=&version=1.43.51&aid=e57d4b5a-b305-484d-896b-b847c9f726c1&env=production&platform=4&netType=3&vp=1280%20*%20720&sr=1280%20*%20720&sessionId=session-1ba24433b95a4dafa577525118f1916f&referer=' violates the following Content Security Policy directive: "connect-src 'self' blob: https://doc.weixin.qq.com cube.weixinbridge.com badjs.weixinbridge.com *.url.cn *.qq.com *.gtimg.com *.idqqimg.com *.gtimg.cn cdn-go.cn *.cdn-go.cn *.tencentcs.com *.myqcloud.com *.tencent-cloud.com *.tencentsuite.com *.tencent.com *.qqmail.com *.woa.com *.picgzc.qpic.cn wdcdn.qpic.cn wework.qpic.cn mapstyle.qpic.cn wss://dts.docs.qq.com wss://docs.qq.com wss://doc.weixin.qq.com wss://drive.weixin.qq.com magiccube.rtxapp.com". The policy is report-only, so the violation has been logged but no further action has been taken. @ https://res.wx.qq.com/d/aegis/latest/aegis.min.js:9
[    6267ms] [ERROR] Connecting to 'https://rumt-zh.com/speed?from=https%3A%2F%2Fdoc.weixin.qq.com%2Fsmartsheet%2Fform%2F1_wpKBGPEQAANFlM_CL0S9dtU8fxLqQLuA_b0c4e8&id=bAUrIUljxTDCkitNtT&uin=&version=1.43.51&aid=e57d4b5a-b305-484d-896b-b847c9f726c1&env=production&platform=4&netType=3&vp=1280%20*%20720&sr=1280%20*%20720&sessionId=session-1ba24433b95a4dafa577525118f1916f&referer=' violates the following Content Security Policy directive: "connect-src 'self' blob: wss: *.url.cn *.qq.com *.gtimg.com *.idqqimg.com *.gtimg.cn cdn-go.cn *.cdn-go.cn *.tencentcs.com *.myqcloud.com *.tencent-cloud.com *.tencentsuite.com *.tencent.com *.qqmail.com *.woa.com *.qpic.cn static.speech.sogou.com cube.weixinbridge.com magiccube.rtxapp.com". The action has been blocked. @ https://res.wx.qq.com/d/aegis/latest/aegis.min.js:9
[   11331ms] [ERROR] Failed to load resource: net::ERR_CONNECTION_CLOSED @ https://passport.woa.com/assets/public/images/favicon.ico:0
[   12334ms] [INFO] Connecting to 'https://rumt-zh.com/speed?from=https%3A%2F%2Fdoc.weixin.qq.com%2Fsmartsheet%2Fform%2F1_wpKBGPEQAANFlM_CL0S9dtU8fxLqQLuA_b0c4e8&id=bAUrIUljxTDCkitNtT&uin=&version=1.43.51&aid=e57d4b5a-b305-484d-896b-b847c9f726c1&env=production&platform=4&netType=3&vp=1280%20*%20720&sr=1280%20*%20720&sessionId=session-1ba24433b95a4dafa577525118f1916f&referer=' violates the following Content Security Policy directive: "connect-src 'self' blob: https://doc.weixin.qq.com cube.weixinbridge.com badjs.weixinbridge.com *.url.cn *.qq.com *.gtimg.com *.idqqimg.com *.gtimg.cn cdn-go.cn *.cdn-go.cn *.tencentcs.com *.myqcloud.com *.tencent-cloud.com *.tencentsuite.com *.tencent.com *.qqmail.com *.woa.com *.picgzc.qpic.cn wdcdn.qpic.cn wework.qpic.cn mapstyle.qpic.cn wss://dts.docs.qq.com wss://docs.qq.com wss://doc.weixin.qq.com wss://drive.weixin.qq.com magiccube.rtxapp.com". The policy is report-only, so the violation has been logged but no further action has been taken. @ https://res.wx.qq.com/d/aegis/latest/aegis.min.js:9
[   12334ms] [ERROR] Connecting to 'https://rumt-zh.com/speed?from=https%3A%2F%2Fdoc.weixin.qq.com%2Fsmartsheet%2Fform%2F1_wpKBGPEQAANFlM_CL0S9dtU8fxLqQLuA_b0c4e8&id=bAUrIUljxTDCkitNtT&uin=&version=1.43.51&aid=e57d4b5a-b305-484d-896b-b847c9f726c1&env=production&platform=4&netType=3&vp=1280%20*%20720&sr=1280%20*%20720&sessionId=session-1ba24433b95a4dafa577525118f1916f&referer=' violates the following Content Security Policy directive: "connect-src 'self' blob: wss: *.url.cn *.qq.com *.gtimg.com *.idqqimg.com *.gtimg.cn cdn-go.cn *.cdn-go.cn *.tencentcs.com *.myqcloud.com *.tencent-cloud.com *.tencentsuite.com *.tencent.com *.qqmail.com *.woa.com *.qpic.cn static.speech.sogou.com cube.weixinbridge.com magiccube.rtxapp.com". The action has been blocked. @ https://res.wx.qq.com/d/aegis/latest/aegis.min.js:9
[   12421ms] [INFO] Connecting to 'https://rumt-zh.com/speed/performance?dnsLookup=0&tcp=62&ssl=63&ttfb=68&contentDownload=28&domParse=563&resourceDownload=10772&firstScreenTiming=1525&from=https%3A%2F%2Fdoc.weixin.qq.com%2Fsmartsheet%2Fform%2F1_wpKBGPEQAANFlM_CL0S9dtU8fxLqQLuA_b0c4e8&id=bAUrIUljxTDCkitNtT&uin=&version=1.43.51&aid=e57d4b5a-b305-484d-896b-b847c9f726c1&env=production&platform=4&netType=3&vp=1280%20*%20720&sr=1280%20*%20720&sessionId=session-1ba24433b95a4dafa577525118f1916f&referer=&' violates the following Content Security Policy directive: "connect-src 'self' blob: https://doc.weixin.qq.com cube.weixinbridge.com badjs.weixinbridge.com *.url.cn *.qq.com *.gtimg.com *.idqqimg.com *.gtimg.cn cdn-go.cn *.cdn-go.cn *.tencentcs.com *.myqcloud.com *.tencent-cloud.com *.tencentsuite.com *.tencent.com *.qqmail.com *.woa.com *.picgzc.qpic.cn wdcdn.qpic.cn wework.qpic.cn mapstyle.qpic.cn wss://dts.docs.qq.com wss://docs.qq.com wss://doc.weixin.qq.com wss://drive.weixin.qq.com magiccube.rtxapp.com". The policy is report-only, so the violation has been logged but no further action has been taken. @ https://res.wx.qq.com/d/aegis/latest/aegis.min.js:9
[   12422ms] [ERROR] Connecting to 'https://rumt-zh.com/speed/performance?dnsLookup=0&tcp=62&ssl=63&ttfb=68&contentDownload=28&domParse=563&resourceDownload=10772&firstScreenTiming=1525&from=https%3A%2F%2Fdoc.weixin.qq.com%2Fsmartsheet%2Fform%2F1_wpKBGPEQAANFlM_CL0S9dtU8fxLqQLuA_b0c4e8&id=bAUrIUljxTDCkitNtT&uin=&version=1.43.51&aid=e57d4b5a-b305-484d-896b-b847c9f726c1&env=production&platform=4&netType=3&vp=1280%20*%20720&sr=1280%20*%20720&sessionId=session-1ba24433b95a4dafa577525118f1916f&referer=&' violates the following Content Security Policy directive: "connect-src 'self' blob: wss: *.url.cn *.qq.com *.gtimg.com *.idqqimg.com *.gtimg.cn cdn-go.cn *.cdn-go.cn *.tencentcs.com *.myqcloud.com *.tencent-cloud.com *.tencentsuite.com *.tencent.com *.qqmail.com *.woa.com *.qpic.cn static.speech.sogou.com cube.weixinbridge.com magiccube.rtxapp.com". The action has been blocked. @ https://res.wx.qq.com/d/aegis/latest/aegis.min.js:9
[   16871ms] [ERROR] Access to resource at 'https://report.idqqimg.com/node_b/zzsreport' from origin 'https://doc.weixin.qq.com' has been blocked by CORS policy: Response to preflight request doesn't pass access control check: No 'Access-Control-Allow-Origin' header is present on the requested resource. @ https://doc.weixin.qq.com/tim/docs/components/WeworkLogin.html?redirect_uri=https%3A%2F%2Fdoc.weixin.qq.com%2Fsmartsheet%2Fform%2F1_wpKBGPEQAANFlM_CL0S9dtU8fxLqQLuA_b0c4e8:0
[   16871ms] [ERROR] Failed to load resource: net::ERR_FAILED @ https://report.idqqimg.com/node_b/zzsreport:0
[   62960ms] [INFO] Connecting to 'https://rumt-zh.com/speed?from=https%3A%2F%2Fdoc.weixin.qq.com%2Fsmartsheet%2Fform%2F1_wpKBGPEQAANFlM_CL0S9dtU8fxLqQLuA_b0c4e8&id=bAUrIUljxTDCkitNtT&uin=&version=1.43.51&aid=e57d4b5a-b305-484d-896b-b847c9f726c1&env=production&platform=4&netType=4&vp=1280%20*%20720&sr=1280%20*%20720&sessionId=session-1ba24433b95a4dafa577525118f1916f&referer=' violates the following Content Security Policy directive: "connect-src 'self' blob: https://doc.weixin.qq.com cube.weixinbridge.com badjs.weixinbridge.com *.url.cn *.qq.com *.gtimg.com *.idqqimg.com *.gtimg.cn cdn-go.cn *.cdn-go.cn *.tencentcs.com *.myqcloud.com *.tencent-cloud.com *.tencentsuite.com *.tencent.com *.qqmail.com *.woa.com *.picgzc.qpic.cn wdcdn.qpic.cn wework.qpic.cn mapstyle.qpic.cn wss://dts.docs.qq.com wss://docs.qq.com wss://doc.weixin.qq.com wss://drive.weixin.qq.com magiccube.rtxapp.com". The policy is report-only, so the violation has been logged but no further action has been taken. @ https://res.wx.qq.com/d/aegis/latest/aegis.min.js:9
[   62961ms] [ERROR] Connecting to 'https://rumt-zh.com/speed?from=https%3A%2F%2Fdoc.weixin.qq.com%2Fsmartsheet%2Fform%2F1_wpKBGPEQAANFlM_CL0S9dtU8fxLqQLuA_b0c4e8&id=bAUrIUljxTDCkitNtT&uin=&version=1.43.51&aid=e57d4b5a-b305-484d-896b-b847c9f726c1&env=production&platform=4&netType=4&vp=1280%20*%20720&sr=1280%20*%20720&sessionId=session-1ba24433b95a4dafa577525118f1916f&referer=' violates the following Content Security Policy directive: "connect-src 'self' blob: wss: *.url.cn *.qq.com *.gtimg.com *.idqqimg.com *.gtimg.cn cdn-go.cn *.cdn-go.cn *.tencentcs.com *.myqcloud.com *.tencent-cloud.com *.tencentsuite.com *.tencent.com *.qqmail.com *.woa.com *.qpic.cn static.speech.sogou.com cube.weixinbridge.com magiccube.rtxapp.com". The action has been blocked. @ https://res.wx.qq.com/d/aegis/latest/aegis.min.js:9
[   63321ms] [ERROR] Access to resource at 'https://report.idqqimg.com/node_b/zzsreport' from origin 'https://doc.weixin.qq.com' has been blocked by CORS policy: No 'Access-Control-Allow-Origin' header is present on the requested resource. @ https://doc.weixin.qq.com/tim/docs/components/WeworkLogin.html?redirect_uri=https%3A%2F%2Fdoc.weixin.qq.com%2Fsmartsheet%2Fform%2F1_wpKBGPEQAANFlM_CL0S9dtU8fxLqQLuA_b0c4e8:0
[   63321ms] [ERROR] Failed to load resource: net::ERR_FAILED @ https://report.idqqimg.com/node_b/zzsreport:0
[   77443ms] [ERROR] Access to resource at 'https://report.idqqimg.com/node_b/zzsreport' from origin 'https://doc.weixin.qq.com' has been blocked by CORS policy: No 'Access-Control-Allow-Origin' header is present on the requested resource. @ https://doc.weixin.qq.com/smartsheet/form/1_wpKBGPEQAANFlM_CL0S9dtU8fxLqQLuA_b0c4e8:0
[   77443ms] [ERROR] Failed to load resource: net::ERR_FAILED @ https://report.idqqimg.com/node_b/zzsreport:0
[  121703ms] [INFO] Connecting to 'https://rumt-zh.com/speed?from=https%3A%2F%2Fdoc.weixin.qq.com%2Fsmartsheet%2Fform%2F1_wpKBGPEQAANFlM_CL0S9dtU8fxLqQLuA_b0c4e8&id=bAUrIUljxTDCkitNtT&uin=&version=1.43.51&aid=e57d4b5a-b305-484d-896b-b847c9f726c1&env=production&platform=4&netType=3&vp=1280%20*%20720&sr=1280%20*%20720&sessionId=session-1ba24433b95a4dafa577525118f1916f&referer=' violates the following Content Security Policy directive: "connect-src 'self' blob: https://doc.weixin.qq.com cube.weixinbridge.com badjs.weixinbridge.com *.url.cn *.qq.com *.gtimg.com *.idqqimg.com *.gtimg.cn cdn-go.cn *.cdn-go.cn *.tencentcs.com *.myqcloud.com *.tencent-cloud.com *.tencentsuite.com *.tencent.com *.qqmail.com *.woa.com *.picgzc.qpic.cn wdcdn.qpic.cn wework.qpic.cn mapstyle.qpic.cn wss://dts.docs.qq.com wss://docs.qq.com wss://doc.weixin.qq.com wss://drive.weixin.qq.com magiccube.rtxapp.com". The policy is report-only, so the violation has been logged but no further action has been taken. @ https://res.wx.qq.com/d/aegis/latest/aegis.min.js:9
[  121704ms] [ERROR] Connecting to 'https://rumt-zh.com/speed?from=https%3A%2F%2Fdoc.weixin.qq.com%2Fsmartsheet%2Fform%2F1_wpKBGPEQAANFlM_CL0S9dtU8fxLqQLuA_b0c4e8&id=bAUrIUljxTDCkitNtT&uin=&version=1.43.51&aid=e57d4b5a-b305-484d-896b-b847c9f726c1&env=production&platform=4&netType=3&vp=1280%20*%20720&sr=1280%20*%20720&sessionId=session-1ba24433b95a4dafa577525118f1916f&referer=' violates the following Content Security Policy directive: "connect-src 'self' blob: wss: *.url.cn *.qq.com *.gtimg.com *.idqqimg.com *.gtimg.cn cdn-go.cn *.cdn-go.cn *.tencentcs.com *.myqcloud.com *.tencent-cloud.com *.tencentsuite.com *.tencent.com *.qqmail.com *.woa.com *.qpic.cn static.speech.sogou.com cube.weixinbridge.com magiccube.rtxapp.com". The action has been blocked. @ https://res.wx.qq.com/d/aegis/latest/aegis.min.js:9
[  181698ms] [INFO] Connecting to 'https://rumt-zh.com/speed?from=https%3A%2F%2Fdoc.weixin.qq.com%2Fsmartsheet%2Fform%2F1_wpKBGPEQAANFlM_CL0S9dtU8fxLqQLuA_b0c4e8&id=bAUrIUljxTDCkitNtT&uin=&version=1.43.51&aid=e57d4b5a-b305-484d-896b-b847c9f726c1&env=production&platform=4&netType=4&vp=1280%20*%20720&sr=1280%20*%20720&sessionId=session-1ba24433b95a4dafa577525118f1916f&referer=' violates the following Content Security Policy directive: "connect-src 'self' blob: https://doc.weixin.qq.com cube.weixinbridge.com badjs.weixinbridge.com *.url.cn *.qq.com *.gtimg.com *.idqqimg.com *.gtimg.cn cdn-go.cn *.cdn-go.cn *.tencentcs.com *.myqcloud.com *.tencent-cloud.com *.tencentsuite.com *.tencent.com *.qqmail.com *.woa.com *.picgzc.qpic.cn wdcdn.qpic.cn wework.qpic.cn mapstyle.qpic.cn wss://dts.docs.qq.com wss://docs.qq.com wss://doc.weixin.qq.com wss://drive.weixin.qq.com magiccube.rtxapp.com". The policy is report-only, so the violation has been logged but no further action has been taken. @ https://res.wx.qq.com/d/aegis/latest/aegis.min.js:9
[  181698ms] [ERROR] Connecting to 'https://rumt-zh.com/speed?from=https%3A%2F%2Fdoc.weixin.qq.com%2Fsmartsheet%2Fform%2F1_wpKBGPEQAANFlM_CL0S9dtU8fxLqQLuA_b0c4e8&id=bAUrIUljxTDCkitNtT&uin=&version=1.43.51&aid=e57d4b5a-b305-484d-896b-b847c9f726c1&env=production&platform=4&netType=4&vp=1280%20*%20720&sr=1280%20*%20720&sessionId=session-1ba24433b95a4dafa577525118f1916f&referer=' violates the following Content Security Policy directive: "connect-src 'self' blob: wss: *.url.cn *.qq.com *.gtimg.com *.idqqimg.com *.gtimg.cn cdn-go.cn *.cdn-go.cn *.tencentcs.com *.myqcloud.com *.tencent-cloud.com *.tencentsuite.com *.tencent.com *.qqmail.com *.woa.com *.qpic.cn static.speech.sogou.com cube.weixinbridge.com magiccube.rtxapp.com". The action has been blocked. @ https://res.wx.qq.com/d/aegis/latest/aegis.min.js:9
